Using pre-set license
Built from '2020.3/staging' branch; Version is '2020.3.19f1 (68f137dc9bbe) revision 6877495'; Using compiler version '192528614'; Build Type 'Release'
OS: 'Windows 10 Pro; OS build 18363.476; Version 1909; 64bit' Language: 'ru' Physical Memory: 3943 MB
BatchMode: 1, IsHumanControllingUs: 0, StartBugReporterOnCrash: 0, Is64bit: 1, IsPro: 0

COMMAND LINE ARGUMENTS:
D:\3D\Uni\2020.3.19f1\Editor\Unity.exe
-adb2
-batchMode
-noUpm
-name
AssetImportWorker25
-projectPath
D:/UnityLearnSkillBox/Unity/HW31_CrazyRun
-logFile
Logs/AssetImportWorker25.log
-srvPort
63618
Successfully changed project path to: D:/UnityLearnSkillBox/Unity/HW31_CrazyRun
D:/UnityLearnSkillBox/Unity/HW31_CrazyRun
Using Asset Import Pipeline V2.
Refreshing native plugins compatible for Editor in 3025.40 ms, found 2 plugins.
Preloading 0 native plugins for Editor in 0.00 ms.
Initialize engine version: 2020.3.19f1 (68f137dc9bbe)
[Subsystems] Discovering subsystems at path D:/3D/Uni/2020.3.19f1/Editor/Data/Resources/UnitySubsystems
[Subsystems] Discovering subsystems at path D:/UnityLearnSkillBox/Unity/HW31_CrazyRun/Assets
GfxDevice: creating device client; threaded=0
Direct3D:
    Version:  Direct3D 11.0 [level 11.0]
    Renderer: Intel(R) HD Graphics (ID=0x156)
    Vendor:   
    VRAM:     128 MB
    Driver:   10.18.10.4252
